***************
* Code source *
***************

  1 :	#
  2 :	# Tri d'un tableau  T[N] par sélection
  3 :	#
  4 :	#
  5 :	#	pour i de 0 à n-1
  6 :	#		imin = i
  7 :	#	        min = t[i]
  8 :	#		pour j = i+1 à n-1
  9 :	#	            si t[j] <= min
 10 :	#	               imin = j
 11 :	#	               min  = t[j]
 12 :	#	        echanger t[i] t[imin]
 13 :	
 14 :		loadi 	0
 15 :		store	i
 16 :	bcle_i
 17 :		load   	i	# si i == n  fin boucle sur i
 18 :		sub    	n
 19 :		jzero  	fin_i
 20 :	
 21 :		load	i	# imin = i
 22 :		store	imin
 23 :	
 24 :		loadi	t	# min = t[i]
 25 :		add	i
 26 :		store	ptr
 27 :		loadx 	ptr
 28 :		store 	min
 29 :	
 30 :		loadi	t
 31 :		add	j
 32 :	
 33 :		loadi 	1	# j = i+1
 34 :		add	i
 35 :		store	j
 36 :	bcle_j
 37 :		load	j
 38 :		sub	n
 39 :		jzero	fin_j
 40 :	
 41 :		loadi	t	# tj = t[j]
 42 :		add	j
 43 :		store	ptr
 44 :		loadx	ptr
 45 :		store	tj
 46 :		
 47 :		load	min     # si tj > min  avancer j
 48 :		sub	tj
 49 :		jneg	next_j
 50 :	
 51 :		load	j	# imin = j
 52 :		store	imin
 53 :	
 54 :		load 	tj	# min = tj
 55 :		store 	min
 56 :		
 57 :	next_j
 58 :		loadi	1	# j++
 59 :		add	j
 60 :		store	j
 61 :		jmp	bcle_j
 62 :		
 63 :	fin_j
 64 :		# echange
 65 :		loadi 	t	# ti = t[i]
 66 :		add	i
 67 :		store	ptr
 68 :		loadx	ptr
 69 :		store	ti
 70 :		load	min	# t[i] = min
 71 :		storex	ptr
 72 :	
 73 :		loadi 	t	# t[imin] = ti
 74 :		add	imin
 75 :		store	ptr
 76 :		load 	ti
 77 :		storex	ptr
 78 :		
 79 :		
 80 :	next_i
 81 :		loadi  	1	# i++
 82 :		add    	i
 83 :		store  	i
 84 :		jmp 	bcle_i
 85 :	fin_i
 86 :		halt	0
 87 :	
 88 :	# ------------------------------
 89 :		
 90 :	i	word	0
 91 :	j 	word	0
 92 :	min	word    0
 93 :	imin	word    0
 94 :	ti	word	0
 95 :	tj	word	0	
 96 :	ptr	word 	0
 97 :	
 98 :	# ------------------------------
 99 :	n 	word	10
100 :		
101 :	t	word	1111
102 :		word	4444
103 :		word	2222
104 :		word	8888
105 :		word	5555
106 :		
107 :		word	7777
108 :		word	0
109 :		word	9999
110 :		word	6666
111 :		word	3333
112 :	
113 :		

**********************
* Table des symboles *
**********************

Symbole     Ligne   =Decimal =Hex  References
----------  -----   -------- ----  ----------
bcle_i         16          2 0002   84
bcle_j         36         17 0011   61
fin_i          85         52 0034   19
fin_j          63         36 0024   39
i              90         53 0035   15 17 21 25 34 66 82 83
imin           93         56 0038   22 52 74
j              91         54 0036   31 35 37 42 51 59 60
min            92         55 0037   28 47 55 70
n              99         60 003C   18 38
next_i         80         48 0030  
next_j         57         32 0020   49
ptr            96         59 003B   26 27 43 44 67 68 71 75 77
t             101         61 003D   24 30 41 65 73
ti             94         57 0039   69 76
tj             95         58 003A   45 48 54
----------  -----   -------- ----  ----------

*****************
* Image memoire *
*****************

000:  0000   (0)
001:  3035   (12341)
002:  1035   (4149)
003:  603c   (24636)
004:  9034   (36916)
005:  1035   (4149)
006:  3038   (12344)
007:  003d   (61)
008:  5035   (20533)
009:  303b   (12347)
00a:  203b   (8251)
00b:  3037   (12343)
00c:  003d   (61)
00d:  5036   (20534)
00e:  0001   (1)
00f:  5035   (20533)
010:  3036   (12342)
011:  1036   (4150)
012:  603c   (24636)
013:  9024   (36900)
014:  003d   (61)
015:  5036   (20534)
016:  303b   (12347)
017:  203b   (8251)
018:  303a   (12346)
019:  1037   (4151)
01a:  603a   (24634)
01b:  8020   (32800)
01c:  1036   (4150)
01d:  3038   (12344)
01e:  103a   (4154)
01f:  3037   (12343)
020:  0001   (1)
021:  5036   (20534)
022:  3036   (12342)
023:  7011   (28689)
024:  003d   (61)
025:  5035   (20533)
026:  303b   (12347)
027:  203b   (8251)
028:  3039   (12345)
029:  1037   (4151)
02a:  403b   (16443)
02b:  003d   (61)
02c:  5038   (20536)
02d:  303b   (12347)
02e:  1039   (4153)
02f:  403b   (16443)
030:  0001   (1)
031:  5035   (20533)
032:  3035   (12341)
033:  7002   (28674)
034:  c000   (49152)
035:  0000   (0)
036:  0000   (0)
037:  0000   (0)
038:  0000   (0)
039:  0000   (0)
03a:  0000   (0)
03b:  0000   (0)
03c:  000a   (10)
03d:  0457   (1111)
03e:  115c   (4444)
03f:  08ae   (2222)
040:  22b8   (8888)
041:  15b3   (5555)
042:  1e61   (7777)
043:  0000   (0)
044:  270f   (9999)
045:  1a0a   (6666)
046:  0d05   (3333)

*** 0 erreur(s)
