\BOOKMARK [0][-]{chapter.1}{Bases\040de\040C}{}% 1
\BOOKMARK [1][-]{section.1.1}{Exemple,\040compilation}{chapter.1}% 2
\BOOKMARK [1][-]{section.1.2}{Lecture\040et\040affichage}{chapter.1}% 3
\BOOKMARK [2][-]{subsection.1.2.1}{Lecture et écriture standards : printf\(\) et scanf\(\)}{section.1.2}% 4
\BOOKMARK [2][-]{subsection.1.2.2}{Lecture et écriture dans une chaîne : sprintf\(\) et sscanf\(\)}{section.1.2}% 5
\BOOKMARK [2][-]{subsection.1.2.3}{Lancement\040d'une\040commande\040:\040system\(\)}{section.1.2}% 6
\BOOKMARK [1][-]{section.1.3}{Communication\040avec\040l'environnement}{chapter.1}% 7
\BOOKMARK [2][-]{subsection.1.3.1}{Paramètres de main\(\)}{section.1.3}% 8
\BOOKMARK [2][-]{subsection.1.3.2}{getopt\(\) : analyse des paramètres de la ligne de commande}{section.1.3}% 9
\BOOKMARK [2][-]{subsection.1.3.3}{Variables\040d'environnement}{section.1.3}% 10
\BOOKMARK [2][-]{subsection.1.3.4}{exit\(\)\040:\040Fin\040de\040programme}{section.1.3}% 11
\BOOKMARK [1][-]{section.1.4}{Erreurs}{chapter.1}% 12
\BOOKMARK [2][-]{subsection.1.4.1}{Variable\040errno,\040fonction\040perror\(\)\040}{section.1.4}% 13
\BOOKMARK [2][-]{subsection.1.4.2}{Traitement\040des\040erreurs,\040branchements\040non\040locaux\040}{section.1.4}% 14
\BOOKMARK [1][-]{section.1.5}{Allocation\040dynamique}{chapter.1}% 15
\BOOKMARK [0][-]{chapter.2}{Fichiers\040et\040tuyaux}{}% 16
\BOOKMARK [1][-]{section.2.1}{Manipulation des fichiers, opérations de haut niveau}{chapter.2}% 17
\BOOKMARK [2][-]{subsection.2.1.1}{Flots standards, entrées et sorties sur la console}{section.2.1}% 18
\BOOKMARK [2][-]{subsection.2.1.2}{Opérations sur les flots}{section.2.1}% 19
\BOOKMARK [2][-]{subsection.2.1.3}{Lecture\040d'une\040ligne\040:\040fgets\040et\040getline}{section.2.1}% 20
\BOOKMARK [2][-]{subsection.2.1.4}{Positionnement}{section.2.1}% 21
\BOOKMARK [2][-]{subsection.2.1.5}{Divers}{section.2.1}% 22
\BOOKMARK [1][-]{section.2.2}{Manipulation des fichiers, opérations de bas niveau}{chapter.2}% 23
\BOOKMARK [2][-]{subsection.2.2.1}{Ouverture, fermeture, lecture, écriture}{section.2.2}% 24
\BOOKMARK [2][-]{subsection.2.2.2}{Duplication\040de\040descripteurs}{section.2.2}% 25
\BOOKMARK [2][-]{subsection.2.2.3}{Positionnement}{section.2.2}% 26
\BOOKMARK [2][-]{subsection.2.2.4}{Verrouillage}{section.2.2}% 27
\BOOKMARK [2][-]{subsection.2.2.5}{mmap\(\) : fichiers "mappés" en mémoire}{section.2.2}% 28
\BOOKMARK [1][-]{section.2.3}{Fichiers, répertoires etc.}{chapter.2}% 29
\BOOKMARK [2][-]{subsection.2.3.1}{Suppression}{section.2.3}% 30
\BOOKMARK [2][-]{subsection.2.3.2}{Informations sur les fichiers/répertoires/...}{section.2.3}% 31
\BOOKMARK [2][-]{subsection.2.3.3}{Parcours de répertoires}{section.2.3}% 32
\BOOKMARK [1][-]{section.2.4}{Tuyaux\040de\040communication\040}{chapter.2}% 33
\BOOKMARK [2][-]{subsection.2.4.1}{Tuyaux nommés \(FIFO\)}{section.2.4}% 34
\BOOKMARK [2][-]{subsection.2.4.2}{Tuyaux\040\(pipe\)}{section.2.4}% 35
\BOOKMARK [2][-]{subsection.2.4.3}{Pipes\040depuis/vers\040une\040commande}{section.2.4}% 36
\BOOKMARK [1][-]{section.2.5}{select\(\) : attente de données }{chapter.2}% 37
\BOOKMARK [2][-]{subsection.2.5.1}{Attente de données provenant de plusieurs sources}{section.2.5}% 38
\BOOKMARK [2][-]{subsection.2.5.2}{Attente de données avec limite de temps}{section.2.5}% 39
\BOOKMARK [0][-]{chapter.3}{Communication\040interprocessus\040par\040sockets\040locaux}{}% 40
\BOOKMARK [1][-]{section.3.1}{Les\040sockets}{chapter.3}% 41
\BOOKMARK [2][-]{subsection.3.1.1}{Création d'un socket}{section.3.1}% 42
\BOOKMARK [2][-]{subsection.3.1.2}{Adresses}{section.3.1}% 43
\BOOKMARK [1][-]{section.3.2}{Communication\040par\040datagrammes}{chapter.3}% 44
\BOOKMARK [2][-]{subsection.3.2.1}{La réception de datagrammes}{section.3.2}% 45
\BOOKMARK [2][-]{subsection.3.2.2}{Émission de datagrammes}{section.3.2}% 46
\BOOKMARK [2][-]{subsection.3.2.3}{Émission et réception en mode connecté}{section.3.2}% 47
\BOOKMARK [1][-]{section.3.3}{Communication\040par\040flots}{chapter.3}% 48
\BOOKMARK [1][-]{section.3.4}{Architecture\040client-serveur}{chapter.3}% 49
\BOOKMARK [1][-]{section.3.5}{socketpair\(\)}{chapter.3}% 50
\BOOKMARK [0][-]{chapter.4}{Communication\040par\040signaux}{}% 51
\BOOKMARK [1][-]{section.4.1}{Les\040signaux\040Unix}{chapter.4}% 52
\BOOKMARK [2][-]{subsection.4.1.1}{signal\(\)}{section.4.1}% 53
\BOOKMARK [2][-]{subsection.4.1.2}{kill\(\)\040}{section.4.1}% 54
\BOOKMARK [2][-]{subsection.4.1.3}{alarm\(\)\040}{section.4.1}% 55
\BOOKMARK [2][-]{subsection.4.1.4}{pause\(\)\040}{section.4.1}% 56
\BOOKMARK [1][-]{section.4.2}{Les\040signaux\040Posix}{chapter.4}% 57
\BOOKMARK [2][-]{subsection.4.2.1}{Manipulation\040des\040ensembles\040de\040signaux}{section.4.2}% 58
\BOOKMARK [2][-]{subsection.4.2.2}{sigaction\(\)\040}{section.4.2}% 59
\BOOKMARK [0][-]{chapter.5}{Processus lourds et légers}{}% 60
\BOOKMARK [1][-]{section.5.1}{Les\040processus\040lourds}{chapter.5}% 61
\BOOKMARK [2][-]{subsection.5.1.1}{fork\(\),\040wait\(\)}{section.5.1}% 62
\BOOKMARK [2][-]{subsection.5.1.2}{ waitpid\(\) : attente de changement d'état}{section.5.1}% 63
\BOOKMARK [2][-]{subsection.5.1.3}{exec\(\)}{section.5.1}% 64
\BOOKMARK [2][-]{subsection.5.1.4}{Numéros de processus : getpid\(\), getppid\(\)}{section.5.1}% 65
\BOOKMARK [2][-]{subsection.5.1.5}{Programmation d'un démon}{section.5.1}% 66
\BOOKMARK [1][-]{section.5.2}{Les processus légers \(Posix 1003.1c\)}{chapter.5}% 67
\BOOKMARK [2][-]{subsection.5.2.1}{Threads}{section.5.2}% 68
\BOOKMARK [2][-]{subsection.5.2.2}{Verrous\040d'exclusion\040mutuelle\040\(mutex\)}{section.5.2}% 69
\BOOKMARK [2][-]{subsection.5.2.3}{Exemple}{section.5.2}% 70
\BOOKMARK [2][-]{subsection.5.2.4}{Sémaphores}{section.5.2}% 71
\BOOKMARK [2][-]{subsection.5.2.5}{Conditions}{section.5.2}% 72
\BOOKMARK [0][-]{chapter.6}{IPC\040:\040Communication\040locale\040entre\040processus}{}% 73
\BOOKMARK [1][-]{section.6.1}{Les mécanismes IPC System V}{chapter.6}% 74
\BOOKMARK [1][-]{section.6.2}{ftok\(\) constitution d'une clé }{chapter.6}% 75
\BOOKMARK [1][-]{section.6.3}{Mémoires partagées}{chapter.6}% 76
\BOOKMARK [1][-]{section.6.4}{Sémaphores}{chapter.6}% 77
\BOOKMARK [1][-]{section.6.5}{Files\040de\040messages}{chapter.6}% 78
\BOOKMARK [0][-]{chapter.7}{TCP-IP : communication par le réseau}{}% 79
\BOOKMARK [1][-]{section.7.1}{Communication par TCP-IP, spécificités}{chapter.7}% 80
\BOOKMARK [1][-]{section.7.2}{Sockets,\040addresses}{chapter.7}% 81
\BOOKMARK [2][-]{subsection.7.2.1}{\040struct\040sockaddr\040:\040adresses\040de\040sockets}{section.7.2}% 82
\BOOKMARK [2][-]{subsection.7.2.2}{struct\040sockaddr_in\040:\040adresses\040de\040sockets\040IPv4}{section.7.2}% 83
\BOOKMARK [2][-]{subsection.7.2.3}{struct\040sockaddr_in6\040:\040adresses\040de\040socket\040IPv6}{section.7.2}% 84
\BOOKMARK [2][-]{subsection.7.2.4}{struct\040sockaddr_storage\040:\040conteneur\040d'adresse}{section.7.2}% 85
\BOOKMARK [1][-]{section.7.3}{Remplissage\040d'une\040adresse\040de\040socket\040:\040getaddrinfo\(\)}{chapter.7}% 86
\BOOKMARK [2][-]{subsection.7.3.1}{Préparation d'une adresse distante}{section.7.3}% 87
\BOOKMARK [2][-]{subsection.7.3.2}{Préparation d'une adresse locale}{section.7.3}% 88
\BOOKMARK [2][-]{subsection.7.3.3}{Examen\040d'une\040adresse\040:\040getnameinfo\(\)}{section.7.3}% 89
\BOOKMARK [2][-]{subsection.7.3.4}{Adresse associée à un socket}{section.7.3}% 90
\BOOKMARK [1][-]{section.7.4}{Fermeture\040d'un\040socket}{chapter.7}% 91
\BOOKMARK [1][-]{section.7.5}{Communication\040par\040datagrammes\040\(UDP\)}{chapter.7}% 92
\BOOKMARK [2][-]{subsection.7.5.1}{Création d'un socket}{section.7.5}% 93
\BOOKMARK [2][-]{subsection.7.5.2}{Connexion\040de\040sockets}{section.7.5}% 94
\BOOKMARK [2][-]{subsection.7.5.3}{Envoi\040de\040datagrammes}{section.7.5}% 95
\BOOKMARK [2][-]{subsection.7.5.4}{Réception de datagrammes}{section.7.5}% 96
\BOOKMARK [2][-]{subsection.7.5.5}{Exemple UDP : serveur d'écho}{section.7.5}% 97
\BOOKMARK [1][-]{section.7.6}{Communication par flots de données \(TCP\)}{chapter.7}% 98
\BOOKMARK [2][-]{subsection.7.6.1}{Programmation\040des\040clients\040TCP}{section.7.6}% 99
\BOOKMARK [2][-]{subsection.7.6.2}{Exemple\040:\040client\040web}{section.7.6}% 100
\BOOKMARK [2][-]{subsection.7.6.3}{Réaliser un serveur TCP}{section.7.6}% 101
\BOOKMARK [0][-]{chapter.8}{Exemples\040TCP\040:\040serveurs\040Web}{}% 102
\BOOKMARK [1][-]{section.8.1}{Serveur\040Web\040\(avec\040processus\)}{chapter.8}% 103
\BOOKMARK [2][-]{subsection.8.1.1}{Principe\040et\040pseudo-code}{section.8.1}% 104
\BOOKMARK [2][-]{subsection.8.1.2}{Code\040du\040serveur}{section.8.1}% 105
\BOOKMARK [2][-]{subsection.8.1.3}{Discussion\040de\040la\040solution}{section.8.1}% 106
\BOOKMARK [1][-]{section.8.2}{Serveur\040Web\040\(avec\040threads\)}{chapter.8}% 107
\BOOKMARK [2][-]{subsection.8.2.1}{Principe\040et\040pseudo-code}{section.8.2}% 108
\BOOKMARK [2][-]{subsection.8.2.2}{Code\040du\040serveur}{section.8.2}% 109
\BOOKMARK [2][-]{subsection.8.2.3}{Discussion\040de\040la\040solution}{section.8.2}% 110
\BOOKMARK [1][-]{section.8.3}{Parties\040communes\040aux\040deux\040serveurs}{chapter.8}% 111
\BOOKMARK [2][-]{subsection.8.3.1}{Déclarations et entêtes de fonctions}{section.8.3}% 112
\BOOKMARK [2][-]{subsection.8.3.2}{Les fonctions réseau}{section.8.3}% 113
\BOOKMARK [2][-]{subsection.8.3.3}{Les\040fonctions\040de\040dialogue\040avec\040le\040client}{section.8.3}% 114
\BOOKMARK [2][-]{subsection.8.3.4}{Exercices,\040extensions...}{section.8.3}% 115
\BOOKMARK [0][-]{appendix.A}{Transmission\040d'un\040descripteur}{}% 116
\BOOKMARK [0][-]{appendix.B}{Documentation}{}% 117
