\BOOKMARK [1][-]{section.1}{\376\377\000D\000e\000\040\000C\000+\000+\000\040\000\340\000\040\000C}{}% 1
\BOOKMARK [2][-]{subsection.1.1}{Ce\040qui\040n'existe\040pas\040en\040C}{section.1}% 2
\BOOKMARK [2][-]{subsection.1.2}{\376\377\000I\000d\000\351\000e\000s\000\040\000d\000i\000r\000e\000c\000t\000r\000i\000c\000e\000s\000\040\000d\000u\000\040\000l\000a\000n\000g\000a\000g\000e\000\040\000C}{section.1}% 3
\BOOKMARK [2][-]{subsection.1.3}{\376\377\000C\000a\000r\000a\000c\000t\000\351\000r\000i\000s\000t\000i\000q\000u\000e\000s\000\040\000d\000u\000\040\000l\000a\000n\000g\000a\000g\000e\000\040\000C}{section.1}% 4
\BOOKMARK [2][-]{subsection.1.4}{\376\377\000\311\000v\000o\000l\000u\000t\000i\000o\000n\000\040\000d\000u\000\040\000l\000a\000n\000g\000a\000g\000e}{section.1}% 5
\BOOKMARK [1][-]{section.2}{Premiers\040exemples}{}% 6
\BOOKMARK [2][-]{subsection.2.1}{Hello,\040world\040!}{section.2}% 7
\BOOKMARK [2][-]{subsection.2.2}{\376\377\000U\000t\000i\000l\000i\000s\000a\000t\000i\000o\000n\000\040\000d\000e\000s\000\040\000p\000a\000r\000a\000m\000\350\000t\000r\000e\000s\000\040\000d\000e\000\040\000l\000a\000\040\000l\000i\000g\000n\000e\000\040\000d\000e\000\040\000c\000o\000m\000m\000a\000n\000d\000e}{section.2}% 8
\BOOKMARK [1][-]{section.3}{La\040fonction\040printf\(\)}{}% 9
\BOOKMARK [1][-]{section.4}{\376\377\000P\000a\000s\000s\000a\000g\000e\000\040\000d\000e\000\040\000p\000a\000r\000a\000m\000\350\000t\000r\000e\000s}{}% 10
\BOOKMARK [1][-]{section.5}{Adresses\040et\040pointeurs}{}% 11
\BOOKMARK [1][-]{section.6}{\376\377\000L\000e\000s\000\040\000c\000h\000a\000\356\000n\000e\000s\000\040\000d\000e\000s\000\040\000c\000a\000r\000a\000c\000t\000\350\000r\000e\000s}{}% 12
\BOOKMARK [2][-]{subsection.6.1}{\376\377\000O\000p\000\351\000r\000a\000t\000i\000o\000n\000s\000\040\000s\000u\000r\000\040\000l\000e\000s\000\040\000c\000h\000a\000\356\000n\000e\000s\000\040\000:}{section.6}% 13
\BOOKMARK [2][-]{subsection.6.2}{\376\377\000O\000p\000\351\000r\000a\000t\000i\000o\000n\000s\000\040\000s\000u\000r\000\040\000l\000e\000s\000\040\000c\000a\000r\000a\000c\000t\000\350\000r\000e\000s}{section.6}% 14
\BOOKMARK [1][-]{section.7}{\376\377\000L\000e\000c\000t\000u\000r\000e\000\040\000e\000t\000\040\000\351\000c\000r\000i\000t\000u\000r\000e\000\040\000d\000a\000n\000s\000\040\000d\000e\000s\000\040\000f\000i\000c\000h\000i\000e\000r\000s\000\040\000t\000e\000x\000t\000e\000s}{}% 15
\BOOKMARK [1][-]{section.8}{\376\377\000C\000h\000a\000\356\000n\000e\000s\000\040\000U\000N\000I\000C\000O\000D\000E\000\040\000e\000t\000\040\000c\000a\000r\000a\000c\000t\000\350\000r\000e\000s\000\040\000l\000a\000r\000g\000e\000s}{}% 16
\BOOKMARK [1][-]{section.9}{Structures}{}% 17
\BOOKMARK [2][-]{subsection.9.1}{Initialisation\040des\040structures}{section.9}% 18
\BOOKMARK [2][-]{subsection.9.2}{\376\377\000A\000f\000f\000e\000c\000t\000a\000t\000i\000o\000n\000,\000\040\000p\000a\000s\000s\000a\000g\000e\000\040\000d\000e\000\040\000p\000a\000r\000a\000m\000\350\000t\000r\000e\000s}{section.9}% 19
\BOOKMARK [1][-]{section.10}{Union}{}% 20
\BOOKMARK [1][-]{section.11}{\376\377\000D\000\351\000f\000i\000n\000i\000t\000i\000o\000n\000\040\000d\000e\000\040\000n\000o\000m\000s\000\040\000d\000e\000\040\000t\000y\000p\000e\000s\000\040\000:\000\040\000t\000y\000p\000e\000d\000e\000f}{}% 21
\BOOKMARK [1][-]{section.12}{\376\377\000P\000r\000\351\000p\000r\000o\000c\000e\000s\000s\000e\000u\000r\000\040\000:\000\040\000u\000s\000a\000g\000e\000\040\000d\000e\000s\000\040\000m\000a\000c\000r\000o\000s}{}% 22
\BOOKMARK [2][-]{subsection.12.1}{#include}{section.12}% 23
\BOOKMARK [2][-]{subsection.12.2}{#define}{section.12}% 24
\BOOKMARK [2][-]{subsection.12.3}{#ifdef}{section.12}% 25
\BOOKMARK [2][-]{subsection.12.4}{Macros}{section.12}% 26
\BOOKMARK [1][-]{section.13}{Allocation\040dynamique\040:\040malloc,\040free}{}% 27
\BOOKMARK [1][-]{section.14}{Traitement\040d'exceptions\040:\040setjmp,\040longjmp}{}% 28
\BOOKMARK [1][-]{appendix.A}{Un\040exemple\040:\040simulateur\040de\040processeur}{}% 29
\BOOKMARK [2][-]{subsection.A.1}{Notes}{appendix.A}% 30
